<?xml version="1.0" encoding="utf-8"?>
<shfbBuild product="Sandcastle Help File Builder and Tools" version="2022.12.30.0" projectFile="C:\Users\MSI\Desktop\ASE_Comp1_77261069_Nischal_Aryal\Assignment1\Assignment1\Sandcastle\sandcastle_documentation.shfbproj" started="1/21/2023 4:09:23 PM">
<buildStep step="Initializing">
The Sandcastle tools are located in &#39;C:\Program Files (x86)\EWSoftware\Sandcastle Help File Builder&#39;
Locating components in the following folder(s):
    C:\Users\MSI\Desktop\ASE_Comp1_77261069_Nischal_Aryal\Assignment1\Assignment1\Sandcastle
    C:\ProgramData\EWSoftware\Sandcastle Help File Builder\Components and Plug-Ins
    C:\Program Files (x86)\EWSoftware\Sandcastle Help File Builder\Components
Using framework reflection data for &#39;.NET Framework 4.7.2&#39; located in &#39;C:\Program Files (x86)\EWSoftware\Sandcastle Help File Builder\Data\.NETFramework&#39;
Using presentation style &#39;Default2022&#39; located in &#39;C:\Program Files (x86)\EWSoftware\Sandcastle Help File Builder\Components\Default2022&#39;
Loading and initializing plug-ins...
Website Table of Contents Generator Version 2022.12.30.0
Copyright &#169; 2006-2022, Eric Woodruff, All Rights Reserved
-------------------------------
Clearing any prior web/markdown output...
</buildStep>
<buildStep step="ValidatingDocumentationSources">
Validating and copying documentation source information
Source: C:\Users\MSI\Desktop\ASE_Comp1_77261069_Nischal_Aryal\Assignment1\Assignment1\XML\Assignment1.exe
    Found assembly &#39;C:\Users\MSI\Desktop\ASE_Comp1_77261069_Nischal_Aryal\Assignment1\Assignment1\XML\Assignment1.exe&#39;
Source: C:\Users\MSI\Desktop\ASE_Comp1_77261069_Nischal_Aryal\Assignment1\Assignment1\XML\Assignment1.xml

Copying XML comments files
    C:\Users\MSI\Desktop\ASE_Comp1_77261069_Nischal_Aryal\Assignment1\Assignment1\XML\Assignment1.xml -&gt; C:\Users\MSI\Desktop\ASE_Comp1_77261069_Nischal_Aryal\Assignment1\Assignment1\Sandcastle\Help\Working\Assignment1.xml
</buildStep>
<buildStep step="GenerateSharedContent">
Generating shared content files (en-US, English (United States))...
    Last step completed in 00:00:00.0059
</buildStep>
<buildStep step="GenerateApiFilter">
Generating API filter for MRefBuilder...
    Last step completed in 00:00:00.0114
</buildStep>
<buildStep step="GenerateReflectionInfo">
Generating reflection information...
[C:\Program Files\Microsoft Visual Studio\2022\Community\MSBuild\Current\Bin\amd64\MSBuild.exe - GenerateRefInfo-4a0e74e9-3c98-4eb9-b0c2-930a7880da8b.proj]
Build started 1/21/2023 4:09:23 PM.
Project &quot;C:\Users\MSI\Desktop\ASE_Comp1_77261069_Nischal_Aryal\Assignment1\Assignment1\Sandcastle\Help\Working\GenerateRefInfo-4a0e74e9-3c98-4eb9-b0c2-930a7880da8b.proj&quot; on node 1 (default targets).
PrepareForBuild:
  Creating directory &quot;obj\Debug\&quot;.
GenerateBindingRedirects:
  No suggested binding redirects from ResolveAssemblyReferences.
GenerateRefInfo:
  Microsoft.Build (v17.3.1+2badb37d109910fbd3155cf8743224b7a27494d8)
  c Microsoft Corporation. All rights reserved.
  No source code context base path specified.  Source context information is unavailable.
  Loaded 1 assemblies for reflection and 1 dependency assemblies.
  Wrote information on 1 namespaces, 8 types, and 73 members
  Merging duplicate type and member information
  Merged 0 duplicate type(s) and 0 duplicate member(s)
Done Building Project &quot;C:\Users\MSI\Desktop\ASE_Comp1_77261069_Nischal_Aryal\Assignment1\Assignment1\Sandcastle\Help\Working\GenerateRefInfo-4a0e74e9-3c98-4eb9-b0c2-930a7880da8b.proj&quot; (default targets).
    Last step completed in 00:00:00.9401
</buildStep>
<buildStep step="ApplyDocumentModel">
Applying document model to reflection output...
    Last step completed in 00:00:00.1208
</buildStep>
<buildStep step="AddApiTopicFilenames">
Adding topic filenames to API members...
    Last step completed in 00:00:00.0760
</buildStep>
<buildStep step="GenerateApiTopicManifest">
Generating API topic manifest...
    Last step completed in 00:00:00.0668
</buildStep>
<buildStep step="GenerateNamespaceSummaries">
Generating namespace summary information...
    Last step completed in 00:00:00.0430
</buildStep>
<buildStep step="CopyAdditionalContent">
Copying additional content files...
No additional content to copy
    Last step completed in 00:00:00.0020
</buildStep>
<buildStep step="MergeTablesOfContents">
Merging conceptual and additional tables of contents...
    Last step completed in 00:00:00.0010
</buildStep>
<buildStep step="GenerateIntermediateTableOfContents">
Generating intermediate table of contents file for API content...
Generating conceptual content intermediate TOC file...
    Last step completed in 00:00:00.0338
</buildStep>
<buildStep step="CreateBuildAssemblerConfigs">
Creating Sandcastle configuration files...
    Last step completed in 00:00:00.2234
</buildStep>
<buildStep step="CombiningIntermediateTocFiles">
Combining conceptual and API intermediate TOC files...
    Last step completed in 00:00:00.0110
</buildStep>
<buildStep step="MergeCustomConfigs">
Merging custom build component configurations
C:\Users\MSI\Desktop\ASE_Comp1_77261069_Nischal_Aryal\Assignment1\Assignment1\Sandcastle\Help\Working\BuildAssembler.config
  Updating reference topic configurations.
  No conceptual content.  Removing conceptual content components.
    Last step completed in 00:00:00.0219
</buildStep>
<buildStep step="BuildTopics">
Building help topics...
<plugIn name="Website Table of Contents Generator" behavior="Before" priority="1000">
Loading TOC info and adding unique IDs to parent nodes
</plugIn>Loading configuration...
Processing topics...
Processed 101 topic(s)
CopyFromIndexComponent: &quot;reflection&quot; in-memory cache entries used: 5 of 15.
CopyFromIndexComponent: &quot;comments&quot; in-memory cache entries used: 4 of 30.
<plugIn name="Website Table of Contents Generator" behavior="After" priority="1000">
Generating TOC fragment files
</plugIn>    Last step completed in 00:00:06.7531
</buildStep>
<buildStep step="CopyStandardHelpContent">
Copying standard help content...
C:\Program Files (x86)\EWSoftware\Sandcastle Help File Builder\Components\Default2022\css\bulma.css -&gt; C:\Users\MSI\Desktop\ASE_Comp1_77261069_Nischal_Aryal\Assignment1\Assignment1\Sandcastle\Help\Working\Output\Website\css\bulma.css
C:\Program Files (x86)\EWSoftware\Sandcastle Help File Builder\Components\Default2022\css\bulma.css.map -&gt; C:\Users\MSI\Desktop\ASE_Comp1_77261069_Nischal_Aryal\Assignment1\Assignment1\Sandcastle\Help\Working\Output\Website\css\bulma.css.map
C:\Program Files (x86)\EWSoftware\Sandcastle Help File Builder\Components\Default2022\css\bulma.min.css -&gt; C:\Users\MSI\Desktop\ASE_Comp1_77261069_Nischal_Aryal\Assignment1\Assignment1\Sandcastle\Help\Working\Output\Website\css\bulma.min.css
C:\Program Files (x86)\EWSoftware\Sandcastle Help File Builder\Components\Default2022\css\font-awesome.css -&gt; C:\Users\MSI\Desktop\ASE_Comp1_77261069_Nischal_Aryal\Assignment1\Assignment1\Sandcastle\Help\Working\Output\Website\css\font-awesome.css
C:\Program Files (x86)\EWSoftware\Sandcastle Help File Builder\Components\Default2022\css\font-awesome.min.css -&gt; C:\Users\MSI\Desktop\ASE_Comp1_77261069_Nischal_Aryal\Assignment1\Assignment1\Sandcastle\Help\Working\Output\Website\css\font-awesome.min.css
C:\Program Files (x86)\EWSoftware\Sandcastle Help File Builder\Components\Default2022\css\ja-JP.css -&gt; C:\Users\MSI\Desktop\ASE_Comp1_77261069_Nischal_Aryal\Assignment1\Assignment1\Sandcastle\Help\Working\Output\Website\css\ja-JP.css
C:\Program Files (x86)\EWSoftware\Sandcastle Help File Builder\Components\Default2022\css\ko-KR.css -&gt; C:\Users\MSI\Desktop\ASE_Comp1_77261069_Nischal_Aryal\Assignment1\Assignment1\Sandcastle\Help\Working\Output\Website\css\ko-KR.css
C:\Program Files (x86)\EWSoftware\Sandcastle Help File Builder\Components\Default2022\css\presentationStyle.css -&gt; C:\Users\MSI\Desktop\ASE_Comp1_77261069_Nischal_Aryal\Assignment1\Assignment1\Sandcastle\Help\Working\Output\Website\css\presentationStyle.css
C:\Program Files (x86)\EWSoftware\Sandcastle Help File Builder\Components\Default2022\css\vs.min.css -&gt; C:\Users\MSI\Desktop\ASE_Comp1_77261069_Nischal_Aryal\Assignment1\Assignment1\Sandcastle\Help\Working\Output\Website\css\vs.min.css
C:\Program Files (x86)\EWSoftware\Sandcastle Help File Builder\Components\Default2022\css\zh-CN.css -&gt; C:\Users\MSI\Desktop\ASE_Comp1_77261069_Nischal_Aryal\Assignment1\Assignment1\Sandcastle\Help\Working\Output\Website\css\zh-CN.css
C:\Program Files (x86)\EWSoftware\Sandcastle Help File Builder\Components\Default2022\css\zh-TW.css -&gt; C:\Users\MSI\Desktop\ASE_Comp1_77261069_Nischal_Aryal\Assignment1\Assignment1\Sandcastle\Help\Working\Output\Website\css\zh-TW.css
C:\Program Files (x86)\EWSoftware\Sandcastle Help File Builder\Components\Default2022\icons\favicon.ico -&gt; C:\Users\MSI\Desktop\ASE_Comp1_77261069_Nischal_Aryal\Assignment1\Assignment1\Sandcastle\Help\Working\Output\Website\icons\favicon.ico
C:\Program Files (x86)\EWSoftware\Sandcastle Help File Builder\Components\Default2022\scripts\clipboard.min.js -&gt; C:\Users\MSI\Desktop\ASE_Comp1_77261069_Nischal_Aryal\Assignment1\Assignment1\Sandcastle\Help\Working\Output\Website\scripts\clipboard.min.js
C:\Program Files (x86)\EWSoftware\Sandcastle Help File Builder\Components\Default2022\scripts\highlight.min.js -&gt; C:\Users\MSI\Desktop\ASE_Comp1_77261069_Nischal_Aryal\Assignment1\Assignment1\Sandcastle\Help\Working\Output\Website\scripts\highlight.min.js
C:\Program Files (x86)\EWSoftware\Sandcastle Help File Builder\Components\Default2022\scripts\jquery-3.5.1.min.js -&gt; C:\Users\MSI\Desktop\ASE_Comp1_77261069_Nischal_Aryal\Assignment1\Assignment1\Sandcastle\Help\Working\Output\Website\scripts\jquery-3.5.1.min.js
C:\Program Files (x86)\EWSoftware\Sandcastle Help File Builder\Components\Default2022\scripts\presentationStyle.js -&gt; C:\Users\MSI\Desktop\ASE_Comp1_77261069_Nischal_Aryal\Assignment1\Assignment1\Sandcastle\Help\Working\Output\Website\scripts\presentationStyle.js
C:\Program Files (x86)\EWSoftware\Sandcastle Help File Builder\Components\Default2022\webfonts\fa-brands-400.ttf -&gt; C:\Users\MSI\Desktop\ASE_Comp1_77261069_Nischal_Aryal\Assignment1\Assignment1\Sandcastle\Help\Working\Output\Website\webfonts\fa-brands-400.ttf
C:\Program Files (x86)\EWSoftware\Sandcastle Help File Builder\Components\Default2022\webfonts\fa-brands-400.woff2 -&gt; C:\Users\MSI\Desktop\ASE_Comp1_77261069_Nischal_Aryal\Assignment1\Assignment1\Sandcastle\Help\Working\Output\Website\webfonts\fa-brands-400.woff2
C:\Program Files (x86)\EWSoftware\Sandcastle Help File Builder\Components\Default2022\webfonts\fa-regular-400.ttf -&gt; C:\Users\MSI\Desktop\ASE_Comp1_77261069_Nischal_Aryal\Assignment1\Assignment1\Sandcastle\Help\Working\Output\Website\webfonts\fa-regular-400.ttf
C:\Program Files (x86)\EWSoftware\Sandcastle Help File Builder\Components\Default2022\webfonts\fa-regular-400.woff2 -&gt; C:\Users\MSI\Desktop\ASE_Comp1_77261069_Nischal_Aryal\Assignment1\Assignment1\Sandcastle\Help\Working\Output\Website\webfonts\fa-regular-400.woff2
C:\Program Files (x86)\EWSoftware\Sandcastle Help File Builder\Components\Default2022\webfonts\fa-solid-900.ttf -&gt; C:\Users\MSI\Desktop\ASE_Comp1_77261069_Nischal_Aryal\Assignment1\Assignment1\Sandcastle\Help\Working\Output\Website\webfonts\fa-solid-900.ttf
C:\Program Files (x86)\EWSoftware\Sandcastle Help File Builder\Components\Default2022\webfonts\fa-solid-900.woff2 -&gt; C:\Users\MSI\Desktop\ASE_Comp1_77261069_Nischal_Aryal\Assignment1\Assignment1\Sandcastle\Help\Working\Output\Website\webfonts\fa-solid-900.woff2
C:\Program Files (x86)\EWSoftware\Sandcastle Help File Builder\Components\Default2022\webfonts\fa-v4compatibility.ttf -&gt; C:\Users\MSI\Desktop\ASE_Comp1_77261069_Nischal_Aryal\Assignment1\Assignment1\Sandcastle\Help\Working\Output\Website\webfonts\fa-v4compatibility.ttf
C:\Program Files (x86)\EWSoftware\Sandcastle Help File Builder\Components\Default2022\webfonts\fa-v4compatibility.woff2 -&gt; C:\Users\MSI\Desktop\ASE_Comp1_77261069_Nischal_Aryal\Assignment1\Assignment1\Sandcastle\Help\Working\Output\Website\webfonts\fa-v4compatibility.woff2
C:\Program Files (x86)\EWSoftware\Sandcastle Help File Builder\Components\Default2022\RootWebsiteContent\GeneralError.html -&gt; C:\Users\MSI\Desktop\ASE_Comp1_77261069_Nischal_Aryal\Assignment1\Assignment1\Sandcastle\Help\Working\Output\Website\GeneralError.html
C:\Program Files (x86)\EWSoftware\Sandcastle Help File Builder\Components\Default2022\RootWebsiteContent\index.html -&gt; C:\Users\MSI\Desktop\ASE_Comp1_77261069_Nischal_Aryal\Assignment1\Assignment1\Sandcastle\Help\Working\Output\Website\index.html
C:\Program Files (x86)\EWSoftware\Sandcastle Help File Builder\Components\Default2022\RootWebsiteContent\PageNotFound.html -&gt; C:\Users\MSI\Desktop\ASE_Comp1_77261069_Nischal_Aryal\Assignment1\Assignment1\Sandcastle\Help\Working\Output\Website\PageNotFound.html
C:\Program Files (x86)\EWSoftware\Sandcastle Help File Builder\Components\Default2022\RootWebsiteContent\search.html -&gt; C:\Users\MSI\Desktop\ASE_Comp1_77261069_Nischal_Aryal\Assignment1\Assignment1\Sandcastle\Help\Working\Output\Website\search.html
C:\Program Files (x86)\EWSoftware\Sandcastle Help File Builder\Components\Default2022\RootWebsiteContent\SearchHelp.aspx -&gt; C:\Users\MSI\Desktop\ASE_Comp1_77261069_Nischal_Aryal\Assignment1\Assignment1\Sandcastle\Help\Working\Output\Website\SearchHelp.aspx
C:\Program Files (x86)\EWSoftware\Sandcastle Help File Builder\Components\Default2022\RootWebsiteContent\SearchHelp.inc.php -&gt; C:\Users\MSI\Desktop\ASE_Comp1_77261069_Nischal_Aryal\Assignment1\Assignment1\Sandcastle\Help\Working\Output\Website\SearchHelp.inc.php
C:\Program Files (x86)\EWSoftware\Sandcastle Help File Builder\Components\Default2022\RootWebsiteContent\SearchHelp.php -&gt; C:\Users\MSI\Desktop\ASE_Comp1_77261069_Nischal_Aryal\Assignment1\Assignment1\Sandcastle\Help\Working\Output\Website\SearchHelp.php
C:\Program Files (x86)\EWSoftware\Sandcastle Help File Builder\Components\Default2022\RootWebsiteContent\Web.Config -&gt; C:\Users\MSI\Desktop\ASE_Comp1_77261069_Nischal_Aryal\Assignment1\Assignment1\Sandcastle\Help\Working\Output\Website\Web.Config
    Last step completed in 00:00:00.1239
</buildStep>
<buildStep step="GenerateFullTextIndex">
Generating full-text index for the website...

    Last step completed in 00:00:00.2408
</buildStep>
<buildStep step="CopyingWebsiteFiles">
Copying website files to output folder...

Copied 180 files for the website content
    Last step completed in 00:00:00.3551
</buildStep>
<buildStep step="CleanIntermediates">
Removing intermediate files...
    Last step completed in 00:00:00.0299
</buildStep>
<buildStep step="Completed">

Build completed successfully at 1/21/2023 4:09:32 PM.  Total time: 00:00:09.7166

</buildStep>
</shfbBuild>
